vite v8.0.16 building client environment for development...
[2Ktransforming...✓ 2446 modules transformed.
rendering chunks...
computing gzip size...
dist/client/assets/inter-vietnamese-400-normal-DMkecbls.woff2            4.97 kB
dist/client/assets/inter-tight-vietnamese-500-normal-C7jl9LDK.woff2      5.02 kB
dist/client/assets/inter-tight-vietnamese-600-normal-FGgebaLI.woff2      5.06 kB
dist/client/assets/inter-vietnamese-600-normal-Cc8MFFhd.woff2            5.10 kB
dist/client/assets/inter-vietnamese-500-normal-DOriooB6.woff2            5.11 kB
dist/client/assets/inter-tight-vietnamese-700-normal-Cn_DV52A.woff2      5.15 kB
dist/client/assets/inter-greek-ext-400-normal-DGGRlc-M.woff2             5.26 kB
dist/client/assets/inter-greek-ext-500-normal-C4iEst2y.woff2             5.42 kB
dist/client/assets/inter-greek-ext-600-normal-DRtmH8MT.woff2             5.43 kB
dist/client/assets/inter-tight-greek-ext-500-normal-Be7hKmpC.woff2       5.44 kB
dist/client/assets/inter-tight-greek-ext-700-normal-D0RkHJEE.woff2       5.48 kB
dist/client/assets/inter-tight-greek-ext-600-normal-CiDI6ET5.woff2       5.50 kB
dist/client/assets/inter-vietnamese-400-normal-Bbgyi5SW.woff             6.50 kB
dist/client/assets/inter-vietnamese-500-normal-mJboJaSs.woff             6.59 kB
dist/client/assets/inter-vietnamese-600-normal-BuLX-rYi.woff             6.64 kB
dist/client/assets/inter-tight-vietnamese-500-normal-CO4EMNTO.woff       6.68 kB
dist/client/assets/inter-tight-vietnamese-600-normal-BCXZ1BbA.woff       6.73 kB
dist/client/assets/inter-tight-vietnamese-700-normal-DwHBAXeT.woff       6.76 kB
dist/client/assets/inter-tight-cyrillic-600-normal-BERwQ0yl.woff2        6.98 kB
dist/client/assets/inter-tight-cyrillic-700-normal-DtWWjp29.woff2        6.99 kB
dist/client/assets/inter-greek-ext-400-normal-KugGGMne.woff              7.06 kB
dist/client/assets/inter-tight-cyrillic-500-normal-5ykfyGeh.woff2        7.09 kB
dist/client/assets/inter-greek-ext-500-normal-2j5mBUwD.woff              7.19 kB
dist/client/assets/inter-greek-ext-600-normal-B8X0CLgF.woff              7.21 kB
dist/client/assets/inter-tight-greek-ext-500-normal-BEGGcu3x.woff        7.25 kB
dist/client/assets/inter-tight-greek-ext-600-normal-5gKW7MDU.woff        7.29 kB
dist/client/assets/inter-tight-greek-ext-700-normal-mW3dmpoD.woff        7.29 kB
dist/client/assets/inter-cyrillic-400-normal-obahsSVq.woff2              7.71 kB
dist/client/assets/inter-greek-400-normal-B4URO6DV.woff2                 7.77 kB
dist/client/assets/inter-cyrillic-500-normal-BasfLYem.woff2              7.90 kB
dist/client/assets/inter-greek-500-normal-BIZE56-Y.woff2                 7.92 kB
dist/client/assets/inter-greek-600-normal-plRanbMR.woff2                 7.94 kB
dist/client/assets/inter-cyrillic-600-normal-CWCymEST.woff2              7.97 kB
dist/client/assets/inter-tight-cyrillic-600-normal-BeTasGgk.woff         8.90 kB
dist/client/assets/inter-tight-cyrillic-500-normal-CRXauZSq.woff         8.91 kB
dist/client/assets/inter-tight-greek-700-normal-RgALSHS4.woff2           8.92 kB
dist/client/assets/inter-tight-cyrillic-700-normal-DDZiLR3d.woff         8.94 kB
dist/client/assets/inter-tight-greek-500-normal-kave9HZE.woff2           8.94 kB
dist/client/assets/inter-tight-greek-600-normal-BIqmcc-q.woff2           8.98 kB
dist/client/assets/inter-cyrillic-400-normal-HOLc17fK.woff               9.78 kB
dist/client/assets/inter-greek-400-normal-q2sYcFCs.woff                  9.92 kB
dist/client/assets/inter-cyrillic-600-normal-4D_pXhcN.woff               9.93 kB
dist/client/assets/inter-cyrillic-500-normal-CxZf_p3X.woff               9.94 kB
dist/client/assets/inter-greek-500-normal-Xzm54t5V.woff                  9.98 kB
dist/client/assets/inter-greek-600-normal-BZpKdvQh.woff                 10.03 kB
dist/client/assets/inter-cyrillic-ext-400-normal-BQZuk6qB.woff2         10.23 kB
dist/client/assets/inter-cyrillic-ext-500-normal-B0yAr1jD.woff2         10.43 kB
dist/client/assets/inter-cyrillic-ext-600-normal-Dfes3d0z.woff2         10.48 kB
dist/client/assets/inter-tight-cyrillic-ext-600-normal-B4SKDMEv.woff2   10.48 kB
dist/client/assets/inter-tight-cyrillic-ext-700-normal-D_7NT8eF.woff2   10.50 kB
dist/client/assets/inter-tight-cyrillic-ext-500-normal-BZAF-_VI.woff2   10.52 kB
dist/client/assets/inter-tight-greek-500-normal-Ca-cFdRH.woff           11.13 kB
dist/client/assets/inter-tight-greek-600-normal-67HAlfW-.woff           11.17 kB
dist/client/assets/inter-tight-greek-700-normal-DU8XoIeX.woff           11.21 kB
dist/client/assets/inter-cyrillic-ext-400-normal-DQukG94-.woff          13.33 kB
dist/client/assets/inter-cyrillic-ext-500-normal-BmqWE9Dz.woff          13.45 kB
dist/client/assets/inter-cyrillic-ext-600-normal-Bcila6Z-.woff          13.46 kB
dist/client/assets/inter-tight-cyrillic-ext-500-normal-Dy1ZB9JY.woff    13.76 kB
dist/client/assets/inter-tight-cyrillic-ext-600-normal-_3ga77Eo.woff    13.84 kB
dist/client/assets/inter-tight-cyrillic-ext-700-normal-BFcoPt71.woff    13.86 kB
dist/client/assets/inter-tight-latin-500-normal-BFXNXuvF.woff2          22.61 kB
dist/client/assets/inter-tight-latin-600-normal-BgSTtRxb.woff2          22.66 kB
dist/client/assets/inter-tight-latin-700-normal-BZKd_v_8.woff2          22.74 kB
dist/client/assets/inter-latin-400-normal-C38fXH4l.woff2                23.66 kB
dist/client/assets/inter-latin-500-normal-Cerq10X2.woff2                24.27 kB
dist/client/assets/inter-latin-600-normal-LgqL8muc.woff2                24.45 kB
dist/client/assets/inter-tight-latin-500-normal-pobXraBK.woff           28.94 kB
dist/client/assets/inter-tight-latin-600-normal-D7bG6gX1.woff           29.05 kB
dist/client/assets/inter-tight-latin-700-normal-DvYAVZQd.woff           29.05 kB
dist/client/assets/inter-latin-400-normal-CyCys3Eg.woff                 30.69 kB
dist/client/assets/inter-latin-600-normal-CiBQ2DWP.woff                 31.26 kB
dist/client/assets/inter-latin-500-normal-BL9OpVg8.woff                 31.28 kB
dist/client/assets/inter-latin-ext-400-normal-C1nco2VV.woff2            35.00 kB
dist/client/assets/inter-latin-ext-500-normal-CV4jyFjo.woff2            36.02 kB
dist/client/assets/inter-latin-ext-600-normal-D2bJ5OIk.woff2            36.26 kB
dist/client/assets/inter-tight-latin-ext-500-normal-D3akd6m-.woff2      37.72 kB
dist/client/assets/inter-tight-latin-ext-600-normal-BgMgWFts.woff2      37.90 kB
dist/client/assets/inter-tight-latin-ext-700-normal-BpKPOkj3.woff2      37.90 kB
dist/client/assets/inter-latin-ext-400-normal-77YHD8bZ.woff             47.56 kB
dist/client/assets/inter-latin-ext-500-normal-BxGbmqWO.woff             48.49 kB
dist/client/assets/inter-latin-ext-600-normal-CIVaiw4L.woff             48.66 kB
dist/client/assets/inter-tight-latin-ext-500-normal-_hLDZz_3.woff       50.89 kB
dist/client/assets/inter-tight-latin-ext-700-normal-CrlzIQ10.woff       51.14 kB
dist/client/assets/inter-tight-latin-ext-600-normal-BvYdOF2O.woff       51.18 kB
dist/client/assets/styles-CjlECwkF.css                                 106.74 kB │ gzip:  16.76 kB
dist/client/assets/freelancer-Dk29AXIg.js                                0.13 kB │ gzip:   0.13 kB
dist/client/assets/route-Dk29AXIg.js                                     0.13 kB │ gzip:   0.13 kB
dist/client/assets/loader-circle-DzKgk6L2.js                             0.14 kB │ gzip:   0.15 kB
dist/client/assets/arrow-right-BH_s_Fll.js                               0.16 kB │ gzip:   0.16 kB
dist/client/assets/circle-check-DASlFXZ6.js                              0.17 kB │ gzip:   0.16 kB
dist/client/assets/user-CAYHsF2Z.js                                      0.19 kB │ gzip:   0.18 kB
dist/client/assets/briefcase-ClvPTuor.js                                 0.22 kB │ gzip:   0.19 kB
dist/client/assets/admin-3VdFD69a.js                                     0.83 kB │ gzip:   0.51 kB
dist/client/assets/createLucideIcon-D1M0a18R.js                          1.19 kB │ gzip:   0.68 kB
dist/client/assets/client-wyBTt4-W.js                                    1.61 kB │ gzip:   0.76 kB
dist/client/assets/reset-password-Bs4PrR7M.js                            1.83 kB │ gzip:   0.90 kB
dist/client/assets/freelancer.applications-BFnJvizk.js                   3.25 kB │ gzip:   1.33 kB
dist/client/assets/freelancer.index-C0rP-_sM.js                          3.53 kB │ gzip:   1.43 kB
dist/client/assets/freelancer.portfolio-Bv7D8ioD.js                      5.76 kB │ gzip:   2.19 kB
dist/client/assets/DashboardShell-C7KL2-pv.js                            6.12 kB │ gzip:   2.31 kB
dist/client/assets/label-DgFP_rgH.js                                     7.32 kB │ gzip:   2.86 kB
dist/client/assets/freelancer.jobs-CVKVUKex.js                           8.19 kB │ gzip:   3.19 kB
dist/client/assets/useQuery-peMO2Oy7.js                                  9.40 kB │ gzip:   3.52 kB
dist/client/assets/auth-BoQAKTTM.js                                     13.45 kB │ gzip:   4.53 kB
dist/client/assets/routes-BKJRAwzL.js                                   16.18 kB │ gzip:   4.47 kB
dist/client/assets/freelancer.profile-BYPGsVfJ.js                       21.17 kB │ gzip:   7.54 kB
dist/client/assets/badge-BsxTiLmP.js                                    27.74 kB │ gzip:   8.97 kB
dist/client/assets/dialog-DZaCyRxA.js                                   33.82 kB │ gzip:  11.27 kB
dist/client/assets/useStore-BQbZsUmu.js                                 46.69 kB │ gzip:  15.93 kB
dist/client/assets/users-JK7FyJgS.js                                   124.20 kB │ gzip:  40.83 kB
dist/client/assets/index-aQmUrLFR.js                                   763.02 kB │ gzip: 221.01 kB

✓ built in 2.30s
vite v8.0.16 building ssr environment for development...
[2Ktransforming...✓ 106 modules transformed.
rendering chunks...
computing gzip size...
node_modules/.nitro/vite/services/ssr/assets/inter-vietnamese-400-normal-DMkecbls.woff2            4.97 kB
node_modules/.nitro/vite/services/ssr/assets/inter-tight-vietnamese-500-normal-C7jl9LDK.woff2      5.02 kB
node_modules/.nitro/vite/services/ssr/assets/inter-tight-vietnamese-600-normal-FGgebaLI.woff2      5.06 kB
node_modules/.nitro/vite/services/ssr/assets/inter-vietnamese-600-normal-Cc8MFFhd.woff2            5.10 kB
node_modules/.nitro/vite/services/ssr/assets/inter-vietnamese-500-normal-DOriooB6.woff2            5.11 kB
node_modules/.nitro/vite/services/ssr/assets/inter-tight-vietnamese-700-normal-Cn_DV52A.woff2      5.15 kB
node_modules/.nitro/vite/services/ssr/assets/inter-greek-ext-400-normal-DGGRlc-M.woff2             5.26 kB
node_modules/.nitro/vite/services/ssr/assets/inter-greek-ext-500-normal-C4iEst2y.woff2             5.42 kB
node_modules/.nitro/vite/services/ssr/assets/inter-greek-ext-600-normal-DRtmH8MT.woff2             5.43 kB
node_modules/.nitro/vite/services/ssr/assets/inter-tight-greek-ext-500-normal-Be7hKmpC.woff2       5.44 kB
node_modules/.nitro/vite/services/ssr/assets/inter-tight-greek-ext-700-normal-D0RkHJEE.woff2       5.48 kB
node_modules/.nitro/vite/services/ssr/assets/inter-tight-greek-ext-600-normal-CiDI6ET5.woff2       5.50 kB
node_modules/.nitro/vite/services/ssr/assets/inter-vietnamese-400-normal-Bbgyi5SW.woff             6.50 kB
node_modules/.nitro/vite/services/ssr/assets/inter-vietnamese-500-normal-mJboJaSs.woff             6.59 kB
node_modules/.nitro/vite/services/ssr/assets/inter-vietnamese-600-normal-BuLX-rYi.woff             6.64 kB
node_modules/.nitro/vite/services/ssr/assets/inter-tight-vietnamese-500-normal-CO4EMNTO.woff       6.68 kB
node_modules/.nitro/vite/services/ssr/assets/inter-tight-vietnamese-600-normal-BCXZ1BbA.woff       6.73 kB
node_modules/.nitro/vite/services/ssr/assets/inter-tight-vietnamese-700-normal-DwHBAXeT.woff       6.76 kB
node_modules/.nitro/vite/services/ssr/assets/inter-tight-cyrillic-600-normal-BERwQ0yl.woff2        6.98 kB
node_modules/.nitro/vite/services/ssr/assets/inter-tight-cyrillic-700-normal-DtWWjp29.woff2        6.99 kB
node_modules/.nitro/vite/services/ssr/assets/inter-greek-ext-400-normal-KugGGMne.woff              7.06 kB
node_modules/.nitro/vite/services/ssr/assets/inter-tight-cyrillic-500-normal-5ykfyGeh.woff2        7.09 kB
node_modules/.nitro/vite/services/ssr/assets/inter-greek-ext-500-normal-2j5mBUwD.woff              7.19 kB
node_modules/.nitro/vite/services/ssr/assets/inter-greek-ext-600-normal-B8X0CLgF.woff              7.21 kB
node_modules/.nitro/vite/services/ssr/assets/inter-tight-greek-ext-500-normal-BEGGcu3x.woff        7.25 kB
node_modules/.nitro/vite/services/ssr/assets/inter-tight-greek-ext-600-normal-5gKW7MDU.woff        7.29 kB
node_modules/.nitro/vite/services/ssr/assets/inter-tight-greek-ext-700-normal-mW3dmpoD.woff        7.29 kB
node_modules/.nitro/vite/services/ssr/assets/inter-cyrillic-400-normal-obahsSVq.woff2              7.71 kB
node_modules/.nitro/vite/services/ssr/assets/inter-greek-400-normal-B4URO6DV.woff2                 7.77 kB
node_modules/.nitro/vite/services/ssr/assets/inter-cyrillic-500-normal-BasfLYem.woff2              7.90 kB
node_modules/.nitro/vite/services/ssr/assets/inter-greek-500-normal-BIZE56-Y.woff2                 7.92 kB
node_modules/.nitro/vite/services/ssr/assets/inter-greek-600-normal-plRanbMR.woff2                 7.94 kB
node_modules/.nitro/vite/services/ssr/assets/inter-cyrillic-600-normal-CWCymEST.woff2              7.97 kB
node_modules/.nitro/vite/services/ssr/assets/inter-tight-cyrillic-600-normal-BeTasGgk.woff         8.90 kB
node_modules/.nitro/vite/services/ssr/assets/inter-tight-cyrillic-500-normal-CRXauZSq.woff         8.91 kB
node_modules/.nitro/vite/services/ssr/assets/inter-tight-greek-700-normal-RgALSHS4.woff2           8.92 kB
node_modules/.nitro/vite/services/ssr/assets/inter-tight-cyrillic-700-normal-DDZiLR3d.woff         8.94 kB
node_modules/.nitro/vite/services/ssr/assets/inter-tight-greek-500-normal-kave9HZE.woff2           8.94 kB
node_modules/.nitro/vite/services/ssr/assets/inter-tight-greek-600-normal-BIqmcc-q.woff2           8.98 kB
node_modules/.nitro/vite/services/ssr/assets/inter-cyrillic-400-normal-HOLc17fK.woff               9.78 kB
node_modules/.nitro/vite/services/ssr/assets/inter-greek-400-normal-q2sYcFCs.woff                  9.92 kB
node_modules/.nitro/vite/services/ssr/assets/inter-cyrillic-600-normal-4D_pXhcN.woff               9.93 kB
node_modules/.nitro/vite/services/ssr/assets/inter-cyrillic-500-normal-CxZf_p3X.woff               9.94 kB
node_modules/.nitro/vite/services/ssr/assets/inter-greek-500-normal-Xzm54t5V.woff                  9.98 kB
node_modules/.nitro/vite/services/ssr/assets/inter-greek-600-normal-BZpKdvQh.woff                 10.03 kB
node_modules/.nitro/vite/services/ssr/assets/inter-cyrillic-ext-400-normal-BQZuk6qB.woff2         10.23 kB
node_modules/.nitro/vite/services/ssr/assets/inter-cyrillic-ext-500-normal-B0yAr1jD.woff2         10.43 kB
node_modules/.nitro/vite/services/ssr/assets/inter-cyrillic-ext-600-normal-Dfes3d0z.woff2         10.48 kB
node_modules/.nitro/vite/services/ssr/assets/inter-tight-cyrillic-ext-600-normal-B4SKDMEv.woff2   10.48 kB
node_modules/.nitro/vite/services/ssr/assets/inter-tight-cyrillic-ext-700-normal-D_7NT8eF.woff2   10.50 kB
node_modules/.nitro/vite/services/ssr/assets/inter-tight-cyrillic-ext-500-normal-BZAF-_VI.woff2   10.52 kB
node_modules/.nitro/vite/services/ssr/assets/inter-tight-greek-500-normal-Ca-cFdRH.woff           11.13 kB
node_modules/.nitro/vite/services/ssr/assets/inter-tight-greek-600-normal-67HAlfW-.woff           11.17 kB
node_modules/.nitro/vite/services/ssr/assets/inter-tight-greek-700-normal-DU8XoIeX.woff           11.21 kB
node_modules/.nitro/vite/services/ssr/assets/inter-cyrillic-ext-400-normal-DQukG94-.woff          13.33 kB
node_modules/.nitro/vite/services/ssr/assets/inter-cyrillic-ext-500-normal-BmqWE9Dz.woff          13.45 kB
node_modules/.nitro/vite/services/ssr/assets/inter-cyrillic-ext-600-normal-Bcila6Z-.woff          13.46 kB
node_modules/.nitro/vite/services/ssr/assets/inter-tight-cyrillic-ext-500-normal-Dy1ZB9JY.woff    13.76 kB
node_modules/.nitro/vite/services/ssr/assets/inter-tight-cyrillic-ext-600-normal-_3ga77Eo.woff    13.84 kB
node_modules/.nitro/vite/services/ssr/assets/inter-tight-cyrillic-ext-700-normal-BFcoPt71.woff    13.86 kB
node_modules/.nitro/vite/services/ssr/assets/inter-tight-latin-500-normal-BFXNXuvF.woff2          22.61 kB
node_modules/.nitro/vite/services/ssr/assets/inter-tight-latin-600-normal-BgSTtRxb.woff2          22.66 kB
node_modules/.nitro/vite/services/ssr/assets/inter-tight-latin-700-normal-BZKd_v_8.woff2          22.74 kB
node_modules/.nitro/vite/services/ssr/assets/inter-latin-400-normal-C38fXH4l.woff2                23.66 kB
node_modules/.nitro/vite/services/ssr/assets/inter-latin-500-normal-Cerq10X2.woff2                24.27 kB
node_modules/.nitro/vite/services/ssr/assets/inter-latin-600-normal-LgqL8muc.woff2                24.45 kB
node_modules/.nitro/vite/services/ssr/assets/inter-tight-latin-500-normal-pobXraBK.woff           28.94 kB
node_modules/.nitro/vite/services/ssr/assets/inter-tight-latin-600-normal-D7bG6gX1.woff           29.05 kB
node_modules/.nitro/vite/services/ssr/assets/inter-tight-latin-700-normal-DvYAVZQd.woff           29.05 kB
node_modules/.nitro/vite/services/ssr/assets/inter-latin-400-normal-CyCys3Eg.woff                 30.69 kB
node_modules/.nitro/vite/services/ssr/assets/inter-latin-600-normal-CiBQ2DWP.woff                 31.26 kB
node_modules/.nitro/vite/services/ssr/assets/inter-latin-500-normal-BL9OpVg8.woff                 31.28 kB
node_modules/.nitro/vite/services/ssr/assets/inter-latin-ext-400-normal-C1nco2VV.woff2            35.00 kB
node_modules/.nitro/vite/services/ssr/assets/inter-latin-ext-500-normal-CV4jyFjo.woff2            36.02 kB
node_modules/.nitro/vite/services/ssr/assets/inter-latin-ext-600-normal-D2bJ5OIk.woff2            36.26 kB
node_modules/.nitro/vite/services/ssr/assets/inter-tight-latin-ext-500-normal-D3akd6m-.woff2      37.72 kB
node_modules/.nitro/vite/services/ssr/assets/inter-tight-latin-ext-600-normal-BgMgWFts.woff2      37.90 kB
node_modules/.nitro/vite/services/ssr/assets/inter-tight-latin-ext-700-normal-BpKPOkj3.woff2      37.90 kB
node_modules/.nitro/vite/services/ssr/assets/inter-latin-ext-400-normal-77YHD8bZ.woff             47.56 kB
node_modules/.nitro/vite/services/ssr/assets/inter-latin-ext-500-normal-BxGbmqWO.woff             48.49 kB
node_modules/.nitro/vite/services/ssr/assets/inter-latin-ext-600-normal-CIVaiw4L.woff             48.66 kB
node_modules/.nitro/vite/services/ssr/assets/inter-tight-latin-ext-500-normal-_hLDZz_3.woff       50.89 kB
node_modules/.nitro/vite/services/ssr/assets/inter-tight-latin-ext-700-normal-CrlzIQ10.woff       51.14 kB
node_modules/.nitro/vite/services/ssr/assets/inter-tight-latin-ext-600-normal-BvYdOF2O.woff       51.18 kB
node_modules/.nitro/vite/services/ssr/assets/styles-CjlECwkF.css                                 106.74 kB │ gzip: 16.76 kB
node_modules/.nitro/vite/services/ssr/assets/empty-plugin-adapters-D9UWiqvJ.js                     0.22 kB │ gzip:  0.16 kB
node_modules/.nitro/vite/services/ssr/assets/route-Di7iQBCH.js                                     0.26 kB │ gzip:  0.19 kB
node_modules/.nitro/vite/services/ssr/assets/freelancer-D4rSirz8.js                                0.27 kB │ gzip:  0.20 kB
node_modules/.nitro/vite/services/ssr/assets/auth-QBTo3yJT.js                                      0.47 kB │ gzip:  0.30 kB
node_modules/.nitro/vite/services/ssr/assets/__23tanstack-start-server-fn-resolver-CXQTal4R.js     0.79 kB │ gzip:  0.43 kB
node_modules/.nitro/vite/services/ssr/assets/ai-gateway.server-C-cqRNuD.js                         0.94 kB │ gzip:  0.58 kB
node_modules/.nitro/vite/services/ssr/assets/start-BOCRBNyJ.js                                     1.07 kB │ gzip:  0.56 kB
node_modules/.nitro/vite/services/ssr/assets/auth-store-CMANE6YB.js                                1.10 kB │ gzip:  0.53 kB
node_modules/.nitro/vite/services/ssr/assets/badge-moMtMu2Q.js                                     1.11 kB │ gzip:  0.54 kB
node_modules/.nitro/vite/services/ssr/assets/admin-l8TgCE_s.js                                     1.37 kB │ gzip:  0.67 kB
node_modules/.nitro/vite/services/ssr/assets/client-6TXtKYwL.js                                    1.56 kB │ gzip:  0.85 kB
node_modules/.nitro/vite/services/ssr/assets/createStart-Dt05N14y.js                               1.65 kB │ gzip:  0.57 kB
node_modules/.nitro/vite/services/ssr/assets/client-79O40f56.js                                    2.39 kB │ gzip:  0.95 kB
node_modules/.nitro/vite/services/ssr/assets/freelancer-ai.functions-CgB0ywzc.js                   2.43 kB │ gzip:  1.24 kB
node_modules/.nitro/vite/services/ssr/assets/auth-middleware-DZO41X7i.js                           2.64 kB │ gzip:  1.09 kB
node_modules/.nitro/vite/services/ssr/assets/reset-password-DeRGHl0q.js                            2.73 kB │ gzip:  1.10 kB
node_modules/.nitro/vite/services/ssr/assets/dialog-Ci07vxmi.js                                    3.09 kB │ gzip:  1.00 kB
node_modules/.nitro/vite/services/ssr/index.js                                                     3.27 kB │ gzip:  1.41 kB
node_modules/.nitro/vite/services/ssr/assets/label-BuvHqzY2.js                                     3.28 kB │ gzip:  1.07 kB
node_modules/.nitro/vite/services/ssr/assets/_tanstack-start-manifest_v-2hfbRGSL.js                4.53 kB │ gzip:  0.90 kB
node_modules/.nitro/vite/services/ssr/assets/freelancer.applications-Btxa2rLe.js                   4.80 kB │ gzip:  1.70 kB
node_modules/.nitro/vite/services/ssr/assets/freelancer.index-DqvBvAnS.js                          5.11 kB │ gzip:  1.79 kB
node_modules/.nitro/vite/services/ssr/assets/DashboardShell-CsE1Kn3L.js                            5.96 kB │ gzip:  1.87 kB
node_modules/.nitro/vite/services/ssr/assets/freelancer.portfolio-DCzYbE1t.js                      8.08 kB │ gzip:  2.45 kB
node_modules/.nitro/vite/services/ssr/assets/freelancer.jobs-B9r0jmXK.js                          12.39 kB │ gzip:  3.96 kB
node_modules/.nitro/vite/services/ssr/assets/router-BEX57G9d.js                                   13.92 kB │ gzip:  3.45 kB
node_modules/.nitro/vite/services/ssr/assets/auth-DkTeQoKH.js                                     13.96 kB │ gzip:  3.43 kB
node_modules/.nitro/vite/services/ssr/assets/esm-9EjmF9OT.js                                      14.94 kB │ gzip:  4.27 kB
node_modules/.nitro/vite/services/ssr/assets/routes-aLagglrs.js                                   20.05 kB │ gzip:  4.45 kB
node_modules/.nitro/vite/services/ssr/assets/freelancer.profile-B0STd_Ck.js                       20.40 kB │ gzip:  5.31 kB
node_modules/.nitro/vite/services/ssr/assets/server-BogrbBPO.js                                   50.46 kB │ gzip: 13.05 kB

✓ built in 1.24s

[nitro] ◐ Building [Nitro] (preset: cloudflare-module, compatibility: 2026-06-29)
[nitro] ✔ Generated public dist/client
vite v8.0.16 building nitro environment for development...
[2Ktransforming...✓ 2468 modules transformed.
rendering chunks...
computing gzip size...
dist/server/_ssr/empty-plugin-adapters-D9UWiqvJ.mjs               0.23 kB │ gzip:   0.16 kB
dist/server/_ssr/route-Di7iQBCH.mjs                               0.41 kB │ gzip:   0.27 kB
dist/server/_ssr/freelancer-D4rSirz8.mjs                          0.42 kB │ gzip:   0.27 kB
dist/server/_libs/radix-ui__primitive.mjs                         0.42 kB │ gzip:   0.23 kB
dist/server/_ssr/auth-QBTo3yJT.mjs                                0.54 kB │ gzip:   0.35 kB
dist/server/_chunks/ssr-renderer.mjs                              0.60 kB │ gzip:   0.36 kB
dist/server/__23tanstack-start-server-fn-resolver-CXQTal4R.mjs    0.85 kB │ gzip:   0.47 kB
dist/server/_ssr/ai-gateway.server-C-cqRNuD.mjs                   1.03 kB │ gzip:   0.62 kB
dist/server/_ssr/start-BOCRBNyJ.mjs                               1.06 kB │ gzip:   0.58 kB
dist/server/_libs/hookable.mjs                                    1.16 kB │ gzip:   0.51 kB
dist/server/_ssr/auth-store-CMANE6YB.mjs                          1.16 kB │ gzip:   0.57 kB
dist/server/_ssr/badge-moMtMu2Q.mjs                               1.29 kB │ gzip:   0.59 kB
dist/server/_ssr/createStart-Dt05N14y.mjs                         1.56 kB │ gzip:   0.57 kB
dist/server/_ssr/client-6TXtKYwL.mjs                              1.61 kB │ gzip:   0.89 kB
dist/server/_runtime.mjs                                          1.66 kB │ gzip:   0.75 kB
dist/server/_ssr/admin-l8TgCE_s.mjs                               1.83 kB │ gzip:   0.80 kB
dist/server/_libs/zustand.mjs                                     1.91 kB │ gzip:   0.73 kB
dist/server/_ssr/freelancer-ai.functions-CgB0ywzc.mjs             2.42 kB │ gzip:   1.24 kB
dist/server/_ssr/auth-middleware-DZO41X7i.mjs                     2.73 kB │ gzip:   1.13 kB
dist/server/_ssr/client-79O40f56.mjs                              2.85 kB │ gzip:   1.02 kB
dist/server/_libs/class-variance-authority+clsx.mjs               3.17 kB │ gzip:   1.24 kB
dist/server/_ssr/ssr.mjs                                          3.21 kB │ gzip:   1.42 kB
dist/server/_ssr/reset-password-DeRGHl0q.mjs                      3.40 kB │ gzip:   1.25 kB
dist/server/_ssr/label-BuvHqzY2.mjs                               3.51 kB │ gzip:   1.15 kB
dist/server/_ssr/dialog-Ci07vxmi.mjs                              3.60 kB │ gzip:   1.13 kB
dist/server/_tanstack-start-manifest_v-2hfbRGSL.mjs               4.58 kB │ gzip:   0.93 kB
dist/server/_libs/radix-ui__react-context+react.mjs               4.80 kB │ gzip:   1.48 kB
dist/server/_ssr/freelancer.applications-Btxa2rLe.mjs             5.55 kB │ gzip:   1.79 kB
dist/server/_libs/@radix-ui/react-label+[...].mjs                 5.75 kB │ gzip:   1.79 kB
dist/server/_ssr/freelancer.index-DqvBvAnS.mjs                    5.79 kB │ gzip:   1.88 kB
dist/server/_libs/lovable.dev__cloud-auth-js.mjs                  6.68 kB │ gzip:   2.49 kB
dist/server/_ssr/DashboardShell-CsE1Kn3L.mjs                      6.88 kB │ gzip:   1.99 kB
dist/server/_libs/tanstack__react-query.mjs                       7.36 kB │ gzip:   1.94 kB
dist/server/_ssr/freelancer.portfolio-DCzYbE1t.mjs                9.53 kB │ gzip:   2.61 kB
dist/server/_libs/h3-v2+srvx.mjs                                  9.72 kB │ gzip:   3.01 kB
dist/server/_libs/supabase__functions-js.mjs                     12.06 kB │ gzip:   3.29 kB
dist/server/_libs/tanstack__history.mjs                          12.09 kB │ gzip:   3.48 kB
dist/server/_ssr/freelancer.jobs-B9r0jmXK.mjs                    13.99 kB │ gzip:   4.10 kB
dist/server/_ssr/router-BEX57G9d.mjs                             14.02 kB │ gzip:   3.51 kB
dist/server/_ssr/esm-9EjmF9OT.mjs                                14.20 kB │ gzip:   4.23 kB
dist/server/_libs/h3+rou3+srvx.mjs                               14.21 kB │ gzip:   4.23 kB
dist/server/_ssr/auth-DkTeQoKH.mjs                               16.24 kB │ gzip:   3.58 kB
dist/server/_libs/@radix-ui/react-compose-refs+[...].mjs         16.53 kB │ gzip:   4.59 kB
dist/server/_libs/lucide-react.mjs                               17.63 kB │ gzip:   3.86 kB
dist/server/_ssr/freelancer.profile-B0STd_Ck.mjs                 22.88 kB │ gzip:   5.44 kB
dist/server/_ssr/routes-aLagglrs.mjs                             23.16 kB │ gzip:   4.57 kB
dist/server/_libs/lenis.mjs                                      32.26 kB │ gzip:   8.05 kB
dist/server/_libs/supabase__supabase-js.mjs                      34.01 kB │ gzip:   9.91 kB
dist/server/index.mjs                                            37.19 kB │ gzip:   8.42 kB
dist/server/_libs/supabase__phoenix.mjs                          49.12 kB │ gzip:  12.36 kB
dist/server/_ssr/server-BogrbBPO.mjs                             49.50 kB │ gzip:  12.97 kB
dist/server/_libs/sonner.mjs                                     51.97 kB │ gzip:  11.78 kB
dist/server/_libs/tanstack__query-core.mjs                       65.73 kB │ gzip:  13.89 kB
dist/server/_libs/supabase__realtime-js+unenv.mjs                72.93 kB │ gzip:  18.36 kB
dist/server/_libs/@tanstack/router-core+[...].mjs                79.32 kB │ gzip:  19.96 kB
dist/server/_libs/@radix-ui/react-dialog+[...].mjs               80.52 kB │ gzip:  19.69 kB
dist/server/_libs/tailwind-merge.mjs                             85.65 kB │ gzip:  15.21 kB
dist/server/_libs/zod.mjs                                        99.85 kB │ gzip:  17.25 kB
dist/server/_libs/@supabase/storage-js+[...].mjs                114.55 kB │ gzip:  21.34 kB
dist/server/_libs/supabase__postgrest-js.mjs                    134.33 kB │ gzip:  24.69 kB
dist/server/_libs/supabase__auth-js.mjs                         300.78 kB │ gzip:  59.88 kB
dist/server/_libs/framer-motion.mjs                             356.24 kB │ gzip:  92.99 kB
dist/server/_libs/@tanstack/react-router+[...].mjs              655.63 kB │ gzip: 137.91 kB

✓ built in 854ms
[nitro] ℹ Using auto generated worker name: tanstack-start-ts
ℹ Generated dist/server/wrangler.json
ℹ Generated .wrangler/deploy/config.json
ℹ Generated dist/client/_headers
ℹ Generated dist/nitro.json

[nitro] ✔ You can preview this build using npx vite preview
[nitro] ✔ You can deploy this build using npx nitro deploy --prebuilt
